Removed Pin From Net: NetName=GND Pin=MUX1-13
Removed Pin From Net: NetName=GND Pin=MUX2-13
Added Component: Designator=R49(Resistor(330))
Added Component: Designator=R50(Resistor(10k))
Added Component: Designator=R51(Resistor(330))
Added Component: Designator=R52(Resistor(10k))
Added Component: Designator=S25(TCRT5000)
Added Component: Designator=S26(TCRT5000)
Added Pin To Net: NetName=+5 Pin=R49-1
Added Pin To Net: NetName=+5 Pin=R50-2
Added Pin To Net: NetName=+5 Pin=R51-1
Added Pin To Net: NetName=+5 Pin=R52-2
Added Pin To Net: NetName=GND Pin=S25-1
Added Pin To Net: NetName=GND Pin=S25-2
Added Pin To Net: NetName=GND Pin=S26-1
Added Pin To Net: NetName=GND Pin=S26-2
Added Pin To Net: NetName=NetR49_2 Pin=R49-2
Added Pin To Net: NetName=NetR49_2 Pin=S25-4
Added Net: Name=NetR49_2
Added Pin To Net: NetName=NetR51_2 Pin=R51-2
Added Pin To Net: NetName=NetR51_2 Pin=S26-4
Added Net: Name=NetR51_2
Added Pin To Net: NetName=O25 Pin=MUX1-13
Added Pin To Net: NetName=O25 Pin=R50-1
Added Pin To Net: NetName=O25 Pin=S25-3
Added Net: Name=O25
Added Pin To Net: NetName=O26 Pin=MUX2-13
Added Pin To Net: NetName=O26 Pin=R52-1
Added Pin To Net: NetName=O26 Pin=S26-3
Added Net: Name=O26
Added Member To Class: ClassName=Sheet1 Member=Component MUX2
Added Member To Class: ClassName=Sheet1 Member=Component R49
Added Member To Class: ClassName=Sheet1 Member=Component R50
Added Member To Class: ClassName=Sheet1 Member=Component R51
Added Member To Class: ClassName=Sheet1 Member=Component R52
Added Member To Class: ClassName=Sheet1 Member=Component S25 TCRT5000
Added Member To Class: ClassName=Sheet1 Member=Component S26 TCRT5000
