Removed Pin From Net: NetName=GND Pin=e5rry-1
Removed Pin From Net: NetName=GND Pin=e5rry-2
Removed Pin From Net: NetName=GND Pin=iajsfv-4
Removed Member From Class: ClassName=Sheet1 Member=e5rry
Change Component Designator: OldDesignator=iajsfv NewDesignator=S1
Added Component: Designator=e(AMASS_XT60-M)
Add component (AddParameter): Name = "Check_prices"; Value = "https://www.snapeda.com/parts/XT60-M/AMASS/view-part/?ref=eda"; VariantName = "[No Variations]"
Add component (AddParameter): Name = "MF"; Value = "AMASS"; VariantName = "[No Variations]"
Add component (AddParameter): Name = "MP"; Value = "XT60-M"; VariantName = "[No Variations]"
Add component (AddParameter): Name = "Package"; Value = "Package"; VariantName = "[No Variations]"
Add component (AddParameter): Name = "SnapEDA_Link"; Value = "https://www.snapeda.com/parts/XT60-M/AMASS/view-part/?ref=snap"; VariantName = "[No Variations]"
Add component (AddParameter): Name = "Value"; Value = ""; VariantName = "[No Variations]"
Added Component: Designator=R1(Resistor(330))
Added Component: Designator=R2(Resistor(10k))
Added Component: Designator=R3(Resistor(330))
Added Component: Designator=R4(Resistor(10k))
Added Component: Designator=R5(Resistor(330))
Added Component: Designator=R6(Resistor(10k))
Added Component: Designator=R7(Resistor(330))
Added Component: Designator=R8(Resistor(10k))
Added Component: Designator=R9(Resistor(330))
Added Component: Designator=R10(Resistor(10k))
Added Component: Designator=R11(Resistor(330))
Added Component: Designator=R12(Resistor(10k))
Added Component: Designator=R13(Resistor(330))
Added Component: Designator=R14(Resistor(10k))
Added Component: Designator=R15(Resistor(330))
Added Component: Designator=R16(Resistor(10k))
Added Component: Designator=R17(Resistor(330))
Added Component: Designator=R18(Resistor(10k))
Added Component: Designator=R19(Resistor(330))
Added Component: Designator=R20(Resistor(10k))
Added Component: Designator=R21(Resistor(330))
Added Component: Designator=R22(Resistor(10k))
Added Component: Designator=R23(Resistor(330))
Added Component: Designator=R24(Resistor(10k))
Added Component: Designator=R25(Resistor(330))
Added Component: Designator=R26(Resistor(10k))
Added Component: Designator=R27(Resistor(330))
Added Component: Designator=R28(Resistor(10k))
Added Component: Designator=R29(Resistor(330))
Added Component: Designator=R30(Resistor(10k))
Added Component: Designator=R31(Resistor(330))
Added Component: Designator=R32(Resistor(10k))
Added Component: Designator=R33(Resistor(330))
Added Component: Designator=R34(Resistor(10k))
Added Component: Designator=R35(Resistor(330))
Added Component: Designator=R36(Resistor(10k))
Added Component: Designator=R37(Resistor(330))
Added Component: Designator=R38(Resistor(10k))
Added Component: Designator=R39(Resistor(330))
Added Component: Designator=R40(Resistor(10k))
Added Component: Designator=R41(Resistor(330))
Added Component: Designator=R42(Resistor(10k))
Added Component: Designator=R43(Resistor(330))
Added Component: Designator=R44(Resistor(10k))
Added Component: Designator=R45(Resistor(330))
Added Component: Designator=R46(Resistor(10k))
Added Component: Designator=R47(Resistor(330))
Added Component: Designator=R48(Resistor(10k))
Added Component: Designator=S2(TCRT5000)
Added Component: Designator=S3(TCRT5000)
Added Component: Designator=S4(TCRT5000)
Added Component: Designator=S5(TCRT5000)
Added Component: Designator=S6(TCRT5000)
Added Component: Designator=S7(TCRT5000)
Added Component: Designator=S8(TCRT5000)
Added Component: Designator=S9(TCRT5000)
Added Component: Designator=S10(TCRT5000)
Added Component: Designator=S11(TCRT5000)
Added Component: Designator=S12(TCRT5000)
Added Component: Designator=S13(TCRT5000)
Added Component: Designator=S14(TCRT5000)
Added Component: Designator=S15(TCRT5000)
Added Component: Designator=S16(TCRT5000)
Added Component: Designator=S17(TCRT5000)
Added Component: Designator=S18(TCRT5000)
Added Component: Designator=S19(TCRT5000)
Added Component: Designator=S20(TCRT5000)
Added Component: Designator=S21(TCRT5000)
Added Component: Designator=S22(TCRT5000)
Added Component: Designator=S23(TCRT5000)
Added Component: Designator=S24(TCRT5000)
Added Pin To Net: NetName=GND Pin=e-N
Added Pin To Net: NetName=GND Pin=e-P
Added Pin To Net: NetName=GND Pin=S1-1
Added Pin To Net: NetName=GND Pin=S2-1
Added Pin To Net: NetName=GND Pin=S2-2
Added Pin To Net: NetName=GND Pin=S3-1
Added Pin To Net: NetName=GND Pin=S3-2
Added Pin To Net: NetName=GND Pin=S4-1
Added Pin To Net: NetName=GND Pin=S4-2
Added Pin To Net: NetName=GND Pin=S5-1
Added Pin To Net: NetName=GND Pin=S5-2
Added Pin To Net: NetName=GND Pin=S6-1
Added Pin To Net: NetName=GND Pin=S6-2
Added Pin To Net: NetName=GND Pin=S7-1
Added Pin To Net: NetName=GND Pin=S7-2
Added Pin To Net: NetName=GND Pin=S8-1
Added Pin To Net: NetName=GND Pin=S8-2
Added Pin To Net: NetName=GND Pin=S9-1
Added Pin To Net: NetName=GND Pin=S9-2
Added Pin To Net: NetName=GND Pin=S10-1
Added Pin To Net: NetName=GND Pin=S10-2
Added Pin To Net: NetName=GND Pin=S11-1
Added Pin To Net: NetName=GND Pin=S11-2
Added Pin To Net: NetName=GND Pin=S12-1
Added Pin To Net: NetName=GND Pin=S12-2
Added Pin To Net: NetName=GND Pin=S13-1
Added Pin To Net: NetName=GND Pin=S13-2
Added Pin To Net: NetName=GND Pin=S14-1
Added Pin To Net: NetName=GND Pin=S14-2
Added Pin To Net: NetName=GND Pin=S15-1
Added Pin To Net: NetName=GND Pin=S15-2
Added Pin To Net: NetName=GND Pin=S16-1
Added Pin To Net: NetName=GND Pin=S16-2
Added Pin To Net: NetName=GND Pin=S17-1
Added Pin To Net: NetName=GND Pin=S17-2
Added Pin To Net: NetName=GND Pin=S18-1
Added Pin To Net: NetName=GND Pin=S18-2
Added Pin To Net: NetName=GND Pin=S19-1
Added Pin To Net: NetName=GND Pin=S19-2
Added Pin To Net: NetName=GND Pin=S20-1
Added Pin To Net: NetName=GND Pin=S20-2
Added Pin To Net: NetName=GND Pin=S21-1
Added Pin To Net: NetName=GND Pin=S21-2
Added Pin To Net: NetName=GND Pin=S22-1
Added Pin To Net: NetName=GND Pin=S22-2
Added Pin To Net: NetName=GND Pin=S23-1
Added Pin To Net: NetName=GND Pin=S23-2
Added Pin To Net: NetName=GND Pin=S24-1
Added Pin To Net: NetName=GND Pin=S24-2
Added Pin To Net: NetName=+5 Pin=R1-1
Added Pin To Net: NetName=+5 Pin=R2-2
Added Pin To Net: NetName=+5 Pin=R3-1
Added Pin To Net: NetName=+5 Pin=R4-2
Added Pin To Net: NetName=+5 Pin=R5-1
Added Pin To Net: NetName=+5 Pin=R6-2
Added Pin To Net: NetName=+5 Pin=R7-1
Added Pin To Net: NetName=+5 Pin=R8-2
Added Pin To Net: NetName=+5 Pin=R9-1
Added Pin To Net: NetName=+5 Pin=R10-2
Added Pin To Net: NetName=+5 Pin=R11-1
Added Pin To Net: NetName=+5 Pin=R12-2
Added Pin To Net: NetName=+5 Pin=R13-1
Added Pin To Net: NetName=+5 Pin=R14-2
Added Pin To Net: NetName=+5 Pin=R15-1
Added Pin To Net: NetName=+5 Pin=R16-2
Added Pin To Net: NetName=+5 Pin=R17-1
Added Pin To Net: NetName=+5 Pin=R18-2
Added Pin To Net: NetName=+5 Pin=R19-1
Added Pin To Net: NetName=+5 Pin=R20-2
Added Pin To Net: NetName=+5 Pin=R21-1
Added Pin To Net: NetName=+5 Pin=R22-2
Added Pin To Net: NetName=+5 Pin=R23-1
Added Pin To Net: NetName=+5 Pin=R24-2
Added Pin To Net: NetName=+5 Pin=R25-1
Added Pin To Net: NetName=+5 Pin=R26-2
Added Pin To Net: NetName=+5 Pin=R27-1
Added Pin To Net: NetName=+5 Pin=R28-2
Added Pin To Net: NetName=+5 Pin=R29-1
Added Pin To Net: NetName=+5 Pin=R30-2
Added Pin To Net: NetName=+5 Pin=R31-1
Added Pin To Net: NetName=+5 Pin=R32-2
Added Pin To Net: NetName=+5 Pin=R33-1
Added Pin To Net: NetName=+5 Pin=R34-2
Added Pin To Net: NetName=+5 Pin=R35-1
Added Pin To Net: NetName=+5 Pin=R36-2
Added Pin To Net: NetName=+5 Pin=R37-1
Added Pin To Net: NetName=+5 Pin=R38-2
Added Pin To Net: NetName=+5 Pin=R39-1
Added Pin To Net: NetName=+5 Pin=R40-2
Added Pin To Net: NetName=+5 Pin=R41-1
Added Pin To Net: NetName=+5 Pin=R42-2
Added Pin To Net: NetName=+5 Pin=R43-1
Added Pin To Net: NetName=+5 Pin=R44-2
Added Pin To Net: NetName=+5 Pin=R45-1
Added Pin To Net: NetName=+5 Pin=R46-2
Added Pin To Net: NetName=+5 Pin=R47-1
Added Pin To Net: NetName=+5 Pin=R48-2
Added Net: Name=+5
Added Pin To Net: NetName=NetR1_2 Pin=R1-2
Added Pin To Net: NetName=NetR1_2 Pin=S1-4
Added Net: Name=NetR1_2
Added Pin To Net: NetName=NetR3_2 Pin=R3-2
Added Pin To Net: NetName=NetR3_2 Pin=S2-4
Added Net: Name=NetR3_2
Added Pin To Net: NetName=NetR5_2 Pin=R5-2
Added Pin To Net: NetName=NetR5_2 Pin=S3-4
Added Net: Name=NetR5_2
Added Pin To Net: NetName=NetR7_2 Pin=R7-2
Added Pin To Net: NetName=NetR7_2 Pin=S4-4
Added Net: Name=NetR7_2
Added Pin To Net: NetName=NetR9_2 Pin=R9-2
Added Pin To Net: NetName=NetR9_2 Pin=S5-4
Added Net: Name=NetR9_2
Added Pin To Net: NetName=NetR11_2 Pin=R11-2
Added Pin To Net: NetName=NetR11_2 Pin=S6-4
Added Net: Name=NetR11_2
Added Pin To Net: NetName=NetR13_2 Pin=R13-2
Added Pin To Net: NetName=NetR13_2 Pin=S7-4
Added Net: Name=NetR13_2
Added Pin To Net: NetName=NetR15_2 Pin=R15-2
Added Pin To Net: NetName=NetR15_2 Pin=S8-4
Added Net: Name=NetR15_2
Added Pin To Net: NetName=NetR17_2 Pin=R17-2
Added Pin To Net: NetName=NetR17_2 Pin=S9-4
Added Net: Name=NetR17_2
Added Pin To Net: NetName=NetR19_2 Pin=R19-2
Added Pin To Net: NetName=NetR19_2 Pin=S10-4
Added Net: Name=NetR19_2
Added Pin To Net: NetName=NetR21_2 Pin=R21-2
Added Pin To Net: NetName=NetR21_2 Pin=S11-4
Added Net: Name=NetR21_2
Added Pin To Net: NetName=NetR23_2 Pin=R23-2
Added Pin To Net: NetName=NetR23_2 Pin=S12-4
Added Net: Name=NetR23_2
Added Pin To Net: NetName=NetR25_2 Pin=R25-2
Added Pin To Net: NetName=NetR25_2 Pin=S13-4
Added Net: Name=NetR25_2
Added Pin To Net: NetName=NetR27_2 Pin=R27-2
Added Pin To Net: NetName=NetR27_2 Pin=S14-4
Added Net: Name=NetR27_2
Added Pin To Net: NetName=NetR29_2 Pin=R29-2
Added Pin To Net: NetName=NetR29_2 Pin=S15-4
Added Net: Name=NetR29_2
Added Pin To Net: NetName=NetR31_2 Pin=R31-2
Added Pin To Net: NetName=NetR31_2 Pin=S16-4
Added Net: Name=NetR31_2
Added Pin To Net: NetName=NetR33_2 Pin=R33-2
Added Pin To Net: NetName=NetR33_2 Pin=S17-4
Added Net: Name=NetR33_2
Added Pin To Net: NetName=NetR35_2 Pin=R35-2
Added Pin To Net: NetName=NetR35_2 Pin=S18-4
Added Net: Name=NetR35_2
Added Pin To Net: NetName=NetR37_2 Pin=R37-2
Added Pin To Net: NetName=NetR37_2 Pin=S19-4
Added Net: Name=NetR37_2
Added Pin To Net: NetName=NetR39_2 Pin=R39-2
Added Pin To Net: NetName=NetR39_2 Pin=S20-4
Added Net: Name=NetR39_2
Added Pin To Net: NetName=NetR41_2 Pin=R41-2
Added Pin To Net: NetName=NetR41_2 Pin=S21-4
Added Net: Name=NetR41_2
Added Pin To Net: NetName=NetR43_2 Pin=R43-2
Added Pin To Net: NetName=NetR43_2 Pin=S22-4
Added Net: Name=NetR43_2
Added Pin To Net: NetName=NetR45_2 Pin=R45-2
Added Pin To Net: NetName=NetR45_2 Pin=S23-4
Added Net: Name=NetR45_2
Added Pin To Net: NetName=NetR47_2 Pin=R47-2
Added Pin To Net: NetName=NetR47_2 Pin=S24-4
Added Net: Name=NetR47_2
Added Pin To Net: NetName=O1 Pin=R2-1
Added Pin To Net: NetName=O1 Pin=S1-3
Added Net: Name=O1
Added Pin To Net: NetName=O2 Pin=R4-1
Added Pin To Net: NetName=O2 Pin=S2-3
Added Net: Name=O2
Added Pin To Net: NetName=O3 Pin=R6-1
Added Pin To Net: NetName=O3 Pin=S3-3
Added Net: Name=O3
Added Pin To Net: NetName=O4 Pin=R8-1
Added Pin To Net: NetName=O4 Pin=S4-3
Added Net: Name=O4
Added Pin To Net: NetName=O5 Pin=R10-1
Added Pin To Net: NetName=O5 Pin=S5-3
Added Net: Name=O5
Added Pin To Net: NetName=O6 Pin=R12-1
Added Pin To Net: NetName=O6 Pin=S6-3
Added Net: Name=O6
Added Pin To Net: NetName=O7 Pin=R14-1
Added Pin To Net: NetName=O7 Pin=S7-3
Added Net: Name=O7
Added Pin To Net: NetName=O8 Pin=R16-1
Added Pin To Net: NetName=O8 Pin=S8-3
Added Net: Name=O8
Added Pin To Net: NetName=O9 Pin=R18-1
Added Pin To Net: NetName=O9 Pin=S9-3
Added Net: Name=O9
Added Pin To Net: NetName=O10 Pin=R20-1
Added Pin To Net: NetName=O10 Pin=S10-3
Added Net: Name=O10
Added Pin To Net: NetName=O11 Pin=R22-1
Added Pin To Net: NetName=O11 Pin=S11-3
Added Net: Name=O11
Added Pin To Net: NetName=O12 Pin=R24-1
Added Pin To Net: NetName=O12 Pin=S12-3
Added Net: Name=O12
Added Pin To Net: NetName=O13 Pin=R26-1
Added Pin To Net: NetName=O13 Pin=S13-3
Added Net: Name=O13
Added Pin To Net: NetName=O14 Pin=R28-1
Added Pin To Net: NetName=O14 Pin=S14-3
Added Net: Name=O14
Added Pin To Net: NetName=O15 Pin=R30-1
Added Pin To Net: NetName=O15 Pin=S15-3
Added Net: Name=O15
Added Pin To Net: NetName=O16 Pin=R32-1
Added Pin To Net: NetName=O16 Pin=S16-3
Added Net: Name=O16
Added Pin To Net: NetName=O17 Pin=R34-1
Added Pin To Net: NetName=O17 Pin=S17-3
Added Net: Name=O17
Added Pin To Net: NetName=O18 Pin=R36-1
Added Pin To Net: NetName=O18 Pin=S18-3
Added Net: Name=O18
Added Pin To Net: NetName=O19 Pin=R38-1
Added Pin To Net: NetName=O19 Pin=S19-3
Added Net: Name=O19
Added Pin To Net: NetName=O20 Pin=R40-1
Added Pin To Net: NetName=O20 Pin=S20-3
Added Net: Name=O20
Added Pin To Net: NetName=O21 Pin=R42-1
Added Pin To Net: NetName=O21 Pin=S21-3
Added Net: Name=O21
Added Pin To Net: NetName=O22 Pin=R44-1
Added Pin To Net: NetName=O22 Pin=S22-3
Added Net: Name=O22
Added Pin To Net: NetName=O23 Pin=R46-1
Added Pin To Net: NetName=O23 Pin=S23-3
Added Net: Name=O23
Added Pin To Net: NetName=O24 Pin=R48-1
Added Pin To Net: NetName=O24 Pin=S24-3
Added Net: Name=O24
Added Member To Class: ClassName=Sheet1 Member=Component e XT60-M
Added Member To Class: ClassName=Sheet1 Member=Component R1 Resistor(330)
Added Member To Class: ClassName=Sheet1 Member=Component R2 Resistor(10k)
Added Member To Class: ClassName=Sheet1 Member=Component R3 Resistor(330)
Added Member To Class: ClassName=Sheet1 Member=Component R4 Resistor(10k)
Added Member To Class: ClassName=Sheet1 Member=Component R5 Resistor(330)
Added Member To Class: ClassName=Sheet1 Member=Component R6 Resistor(10k)
Added Member To Class: ClassName=Sheet1 Member=Component R7 Resistor(330)
Added Member To Class: ClassName=Sheet1 Member=Component R8 Resistor(10k)
Added Member To Class: ClassName=Sheet1 Member=Component R9 Resistor(330)
Added Member To Class: ClassName=Sheet1 Member=Component R10 Resistor(10k)
Added Member To Class: ClassName=Sheet1 Member=Component R11 Resistor(330)
Added Member To Class: ClassName=Sheet1 Member=Component R12 Resistor(10k)
Added Member To Class: ClassName=Sheet1 Member=Component R13 Resistor(330)
Added Member To Class: ClassName=Sheet1 Member=Component R14 Resistor(10k)
Added Member To Class: ClassName=Sheet1 Member=Component R15 Resistor(330)
Added Member To Class: ClassName=Sheet1 Member=Component R16 Resistor(10k)
Added Member To Class: ClassName=Sheet1 Member=Component R17 Resistor(330)
Added Member To Class: ClassName=Sheet1 Member=Component R18 Resistor(10k)
Added Member To Class: ClassName=Sheet1 Member=Component R19 Resistor(330)
Added Member To Class: ClassName=Sheet1 Member=Component R20 Resistor(10k)
Added Member To Class: ClassName=Sheet1 Member=Component R21 Resistor(330)
Added Member To Class: ClassName=Sheet1 Member=Component R22 Resistor(10k)
Added Member To Class: ClassName=Sheet1 Member=Component R23 Resistor(330)
Added Member To Class: ClassName=Sheet1 Member=Component R24 Resistor(10k)
Added Member To Class: ClassName=Sheet1 Member=Component R25 Resistor(330)
Added Member To Class: ClassName=Sheet1 Member=Component R26 Resistor(10k)
Added Member To Class: ClassName=Sheet1 Member=Component R27 Resistor(330)
Added Member To Class: ClassName=Sheet1 Member=Component R28 Resistor(10k)
Added Member To Class: ClassName=Sheet1 Member=Component R29 Resistor(330)
Added Member To Class: ClassName=Sheet1 Member=Component R30 Resistor(10k)
Added Member To Class: ClassName=Sheet1 Member=Component R31 Resistor(330)
Added Member To Class: ClassName=Sheet1 Member=Component R32 Resistor(10k)
Added Member To Class: ClassName=Sheet1 Member=Component R33 Resistor(330)
Added Member To Class: ClassName=Sheet1 Member=Component R34 Resistor(10k)
Added Member To Class: ClassName=Sheet1 Member=Component R35 Resistor(330)
Added Member To Class: ClassName=Sheet1 Member=Component R36 Resistor(10k)
Added Member To Class: ClassName=Sheet1 Member=Component R37 Resistor(330)
Added Member To Class: ClassName=Sheet1 Member=Component R38 Resistor(10k)
Added Member To Class: ClassName=Sheet1 Member=Component R39 Resistor(330)
Added Member To Class: ClassName=Sheet1 Member=Component R40 Resistor(10k)
Added Member To Class: ClassName=Sheet1 Member=Component R41 Resistor(330)
Added Member To Class: ClassName=Sheet1 Member=Component R42 Resistor(10k)
Added Member To Class: ClassName=Sheet1 Member=Component R43 Resistor(330)
Added Member To Class: ClassName=Sheet1 Member=Component R44 Resistor(10k)
Added Member To Class: ClassName=Sheet1 Member=Component R45 Resistor(330)
Added Member To Class: ClassName=Sheet1 Member=Component R46 Resistor(10k)
Added Member To Class: ClassName=Sheet1 Member=Component R47 Resistor(330)
Added Member To Class: ClassName=Sheet1 Member=Component R48 Resistor(10k)
Added Member To Class: ClassName=Sheet1 Member=Component S2 TCRT5000
Added Member To Class: ClassName=Sheet1 Member=Component S3 TCRT5000
Added Member To Class: ClassName=Sheet1 Member=Component S4 TCRT5000
Added Member To Class: ClassName=Sheet1 Member=Component S5 TCRT5000
Added Member To Class: ClassName=Sheet1 Member=Component S6 TCRT5000
Added Member To Class: ClassName=Sheet1 Member=Component S7 TCRT5000
Added Member To Class: ClassName=Sheet1 Member=Component S8 TCRT5000
Added Member To Class: ClassName=Sheet1 Member=Component S9 TCRT5000
Added Member To Class: ClassName=Sheet1 Member=Component S10 TCRT5000
Added Member To Class: ClassName=Sheet1 Member=Component S11 TCRT5000
Added Member To Class: ClassName=Sheet1 Member=Component S12 TCRT5000
Added Member To Class: ClassName=Sheet1 Member=Component S13 TCRT5000
Added Member To Class: ClassName=Sheet1 Member=Component S14 TCRT5000
Added Member To Class: ClassName=Sheet1 Member=Component S15 TCRT5000
Added Member To Class: ClassName=Sheet1 Member=Component S16 TCRT5000
Added Member To Class: ClassName=Sheet1 Member=Component S17 TCRT5000
Added Member To Class: ClassName=Sheet1 Member=Component S18 TCRT5000
Added Member To Class: ClassName=Sheet1 Member=Component S19 TCRT5000
Added Member To Class: ClassName=Sheet1 Member=Component S20 TCRT5000
Added Member To Class: ClassName=Sheet1 Member=Component S21 TCRT5000
Added Member To Class: ClassName=Sheet1 Member=Component S22 TCRT5000
Added Member To Class: ClassName=Sheet1 Member=Component S23 TCRT5000
Added Member To Class: ClassName=Sheet1 Member=Component S24 TCRT5000
Added Rule: Name=Schematic Supply Nets_1
